{"name":"hexo","hostname":"MacBook-Pro-3.local","pid":42142,"level":20,"msg":"Hexo version: \u001b[35m3.5.0\u001b[39m","time":"2018-06-09T17:33:33.086Z","v":0}
{"name":"hexo","hostname":"MacBook-Pro-3.local","pid":42142,"level":20,"msg":"Working directory: \u001b[35m~/Documents/LvBay.github.io/\u001b[39m","time":"2018-06-09T17:33:33.088Z","v":0}
{"name":"hexo","hostname":"MacBook-Pro-3.local","pid":42142,"level":20,"msg":"Config loaded: \u001b[35m~/Documents/LvBay.github.io/_config.yml\u001b[39m","time":"2018-06-09T17:33:33.166Z","v":0}
{"name":"hexo","hostname":"MacBook-Pro-3.local","pid":42142,"level":20,"msg":"Plugin loaded: \u001b[35mhexo-deployer-git\u001b[39m","time":"2018-06-09T17:33:33.193Z","v":0}
{"name":"hexo","hostname":"MacBook-Pro-3.local","pid":42142,"level":20,"msg":"Plugin loaded: \u001b[35mhexo-generator-archive\u001b[39m","time":"2018-06-09T17:33:33.197Z","v":0}
{"name":"hexo","hostname":"MacBook-Pro-3.local","pid":42142,"level":20,"msg":"Plugin loaded: \u001b[35mhexo-generator-category\u001b[39m","time":"2018-06-09T17:33:33.199Z","v":0}
{"name":"hexo","hostname":"MacBook-Pro-3.local","pid":42142,"level":20,"msg":"Plugin loaded: \u001b[35mhexo-generator-index\u001b[39m","time":"2018-06-09T17:33:33.202Z","v":0}
{"name":"hexo","hostname":"MacBook-Pro-3.local","pid":42142,"level":20,"msg":"Plugin loaded: \u001b[35mhexo-generator-tag\u001b[39m","time":"2018-06-09T17:33:33.203Z","v":0}
{"name":"hexo","hostname":"MacBook-Pro-3.local","pid":42142,"level":20,"msg":"Plugin loaded: \u001b[35mhexo-renderer-ejs\u001b[39m","time":"2018-06-09T17:33:33.206Z","v":0}
{"name":"hexo","hostname":"MacBook-Pro-3.local","pid":42142,"level":20,"msg":"Plugin loaded: \u001b[35mhexo-renderer-marked\u001b[39m","time":"2018-06-09T17:33:33.211Z","v":0}
{"name":"hexo","hostname":"MacBook-Pro-3.local","pid":42142,"level":20,"msg":"Plugin loaded: \u001b[35mhexo-renderer-stylus\u001b[39m","time":"2018-06-09T17:33:33.212Z","v":0}
{"name":"hexo","hostname":"MacBook-Pro-3.local","pid":42142,"level":20,"msg":"Plugin loaded: \u001b[35mhexo-server\u001b[39m","time":"2018-06-09T17:33:33.280Z","v":0}
{"name":"hexo","hostname":"MacBook-Pro-3.local","pid":42142,"level":20,"msg":"Script loaded: \u001b[35mthemes/next/scripts/merge-configs.js\u001b[39m","time":"2018-06-09T17:33:33.288Z","v":0}
{"name":"hexo","hostname":"MacBook-Pro-3.local","pid":42142,"level":20,"msg":"Script loaded: \u001b[35mthemes/next/scripts/tags/button.js\u001b[39m","time":"2018-06-09T17:33:33.288Z","v":0}
{"name":"hexo","hostname":"MacBook-Pro-3.local","pid":42142,"level":20,"msg":"Script loaded: \u001b[35mthemes/next/scripts/tags/center-quote.js\u001b[39m","time":"2018-06-09T17:33:33.288Z","v":0}
{"name":"hexo","hostname":"MacBook-Pro-3.local","pid":42142,"level":20,"msg":"Script loaded: \u001b[35mthemes/next/scripts/tags/exturl.js\u001b[39m","time":"2018-06-09T17:33:33.289Z","v":0}
{"name":"hexo","hostname":"MacBook-Pro-3.local","pid":42142,"level":20,"msg":"Script loaded: \u001b[35mthemes/next/scripts/tags/full-image.js\u001b[39m","time":"2018-06-09T17:33:33.289Z","v":0}
{"name":"hexo","hostname":"MacBook-Pro-3.local","pid":42142,"level":20,"msg":"Script loaded: \u001b[35mthemes/next/scripts/tags/label.js\u001b[39m","time":"2018-06-09T17:33:33.290Z","v":0}
{"name":"hexo","hostname":"MacBook-Pro-3.local","pid":42142,"level":20,"msg":"Script loaded: \u001b[35mthemes/next/scripts/tags/lazy-image.js\u001b[39m","time":"2018-06-09T17:33:33.290Z","v":0}
{"name":"hexo","hostname":"MacBook-Pro-3.local","pid":42142,"level":20,"msg":"Script loaded: \u001b[35mthemes/next/scripts/tags/note.js\u001b[39m","time":"2018-06-09T17:33:33.290Z","v":0}
{"name":"hexo","hostname":"MacBook-Pro-3.local","pid":42142,"level":20,"msg":"Script loaded: \u001b[35mthemes/next/scripts/tags/tabs.js\u001b[39m","time":"2018-06-09T17:33:33.291Z","v":0}
{"name":"hexo","hostname":"MacBook-Pro-3.local","pid":42142,"level":20,"msg":"Script loaded: \u001b[35mthemes/next/scripts/tags/group-pictures.js\u001b[39m","time":"2018-06-09T17:33:33.292Z","v":0}
{"name":"hexo","hostname":"MacBook-Pro-3.local","pid":42142,"level":20,"msg":"Script loaded: \u001b[35mthemes/next/scripts/merge.js\u001b[39m","time":"2018-06-09T17:33:33.296Z","v":0}
{"name":"hexo","hostname":"MacBook-Pro-3.local","pid":42142,"level":30,"msg":"Deploying: \u001b[35mgit\u001b[39m","time":"2018-06-09T17:33:33.298Z","v":0}
{"name":"hexo","hostname":"MacBook-Pro-3.local","pid":42142,"level":30,"msg":"Clearing .deploy_git folder...","time":"2018-06-09T17:33:33.302Z","v":0}
{"name":"hexo","hostname":"MacBook-Pro-3.local","pid":42142,"level":30,"msg":"Copying files from public folder...","time":"2018-06-09T17:33:33.355Z","v":0}
{"name":"hexo","hostname":"MacBook-Pro-3.local","pid":42142,"level":30,"msg":"Copying files from extend dirs...","time":"2018-06-09T17:33:33.514Z","v":0}
{"name":"hexo","hostname":"MacBook-Pro-3.local","pid":42142,"level":30,"msg":"See you again","time":"2018-06-09T17:34:02.859Z","v":0}
{"name":"hexo","hostname":"MacBook-Pro-3.local","pid":42142,"level":20,"msg":"Database saved","time":"2018-06-09T17:34:02.862Z","v":0}
